Base Builder Commit #1 - 14 Mar 2026 Cmt +03 23:52:49
Base Builder Commit #2 - 14 Mar 2026 Cmt +03 23:53:24
Base Builder Commit #3 - 14 Mar 2026 Cmt +03 23:53:25
Base Builder Commit #4 - 14 Mar 2026 Cmt +03 23:53:26
Base Builder Commit #5 - 14 Mar 2026 Cmt +03 23:53:27
Base Builder Commit #6 - 14 Mar 2026 Cmt +03 23:53:28
Base Builder Commit #7 - 14 Mar 2026 Cmt +03 23:53:29
Base Builder Commit #8 - 14 Mar 2026 Cmt +03 23:53:31
Base Builder Commit #9 - 14 Mar 2026 Cmt +03 23:53:32
Base Builder Commit #10 - 14 Mar 2026 Cmt +03 23:53:33
Base Builder Commit #11 - 14 Mar 2026 Cmt +03 23:53:34
Base Builder Commit #12 - 14 Mar 2026 Cmt +03 23:53:35
Base Builder Commit #13 - 14 Mar 2026 Cmt +03 23:53:36
Base Builder Commit #14 - 14 Mar 2026 Cmt +03 23:53:37
Base Builder Commit #15 - 14 Mar 2026 Cmt +03 23:53:39
Base Builder Commit #16 - 14 Mar 2026 Cmt +03 23:53:40
Base Builder Commit #17 - 14 Mar 2026 Cmt +03 23:53:41
Base Builder Commit #18 - 14 Mar 2026 Cmt +03 23:53:42
Base Builder Commit #19 - 14 Mar 2026 Cmt +03 23:53:43
Base Builder Commit #20 - 14 Mar 2026 Cmt +03 23:53:44
Base Builder Commit #21 - 14 Mar 2026 Cmt +03 23:53:45
Base Builder Commit #22 - 14 Mar 2026 Cmt +03 23:53:47
Base Builder Commit #23 - 14 Mar 2026 Cmt +03 23:53:48
Base Builder Commit #24 - 14 Mar 2026 Cmt +03 23:53:49
Base Builder Commit #25 - 14 Mar 2026 Cmt +03 23:53:50
Base Builder Commit #26 - 14 Mar 2026 Cmt +03 23:53:51
Base Builder Commit #27 - 14 Mar 2026 Cmt +03 23:53:52
Base Builder Commit #28 - 14 Mar 2026 Cmt +03 23:53:54
Base Builder Commit #29 - 14 Mar 2026 Cmt +03 23:53:55
Base Builder Commit #30 - 14 Mar 2026 Cmt +03 23:53:56
Base Builder Commit #31 - 14 Mar 2026 Cmt +03 23:53:57
Base Builder Commit #32 - 14 Mar 2026 Cmt +03 23:53:58
Base Builder Commit #33 - 14 Mar 2026 Cmt +03 23:54:00
Base Builder Commit #34 - 14 Mar 2026 Cmt +03 23:54:01
Base Builder Commit #35 - 14 Mar 2026 Cmt +03 23:54:02
Base Builder Commit #36 - 14 Mar 2026 Cmt +03 23:54:03
Base Builder Commit #37 - 14 Mar 2026 Cmt +03 23:54:04
Base Builder Commit #38 - 14 Mar 2026 Cmt +03 23:54:05
Base Builder Commit #39 - 14 Mar 2026 Cmt +03 23:54:07
Base Builder Commit #40 - 14 Mar 2026 Cmt +03 23:54:08
Base Builder Commit #41 - 14 Mar 2026 Cmt +03 23:54:09
Base Builder Commit #42 - 14 Mar 2026 Cmt +03 23:54:10
Base Builder Commit #43 - 14 Mar 2026 Cmt +03 23:54:12
Base Builder Commit #44 - 14 Mar 2026 Cmt +03 23:54:13
Base Builder Commit #45 - 14 Mar 2026 Cmt +03 23:54:14
Base Builder Commit #46 - 14 Mar 2026 Cmt +03 23:54:15
Base Builder Commit #47 - 14 Mar 2026 Cmt +03 23:54:16
Base Builder Commit #48 - 14 Mar 2026 Cmt +03 23:54:17
Base Builder Commit #49 - 14 Mar 2026 Cmt +03 23:54:19
Base Builder Commit #50 - 14 Mar 2026 Cmt +03 23:54:20
Base Builder Commit #51 - 14 Mar 2026 Cmt +03 23:54:21
Base Builder Commit #52 - 14 Mar 2026 Cmt +03 23:54:22
Base Builder Commit #53 - 14 Mar 2026 Cmt +03 23:54:23
Base Builder Commit #54 - 14 Mar 2026 Cmt +03 23:54:24
Base Builder Commit #55 - 14 Mar 2026 Cmt +03 23:54:25
Base Builder Commit #56 - 14 Mar 2026 Cmt +03 23:54:27
Base Builder Commit #57 - 14 Mar 2026 Cmt +03 23:54:28
Base Builder Commit #58 - 14 Mar 2026 Cmt +03 23:54:29
Base Builder Commit #59 - 14 Mar 2026 Cmt +03 23:54:30
Base Builder Commit #60 - 14 Mar 2026 Cmt +03 23:54:31
Base Builder Commit #61 - 14 Mar 2026 Cmt +03 23:54:32
Base Builder Commit #62 - 14 Mar 2026 Cmt +03 23:54:34
Base Builder Commit #63 - 14 Mar 2026 Cmt +03 23:54:35
Base Builder Commit #64 - 14 Mar 2026 Cmt +03 23:54:36
Base Builder Commit #65 - 14 Mar 2026 Cmt +03 23:54:37
Base Builder Commit #66 - 14 Mar 2026 Cmt +03 23:54:38
Base Builder Commit #67 - 14 Mar 2026 Cmt +03 23:54:40
Base Builder Commit #68 - 14 Mar 2026 Cmt +03 23:54:41
Base Builder Commit #69 - 14 Mar 2026 Cmt +03 23:54:42
Base Builder Commit #70 - 14 Mar 2026 Cmt +03 23:54:43
Base Builder Commit #71 - 14 Mar 2026 Cmt +03 23:54:44
Base Builder Commit #72 - 14 Mar 2026 Cmt +03 23:54:45
Base Builder Commit #73 - 14 Mar 2026 Cmt +03 23:54:47
Base Builder Commit #74 - 14 Mar 2026 Cmt +03 23:54:48
Base Builder Commit #75 - 14 Mar 2026 Cmt +03 23:54:49
Base Builder Commit #76 - 14 Mar 2026 Cmt +03 23:54:50
Base Builder Commit #77 - 14 Mar 2026 Cmt +03 23:54:51
Base Builder Commit #78 - 14 Mar 2026 Cmt +03 23:54:53
Base Builder Commit #79 - 14 Mar 2026 Cmt +03 23:54:54
Base Builder Commit #80 - 14 Mar 2026 Cmt +03 23:54:55
Base Builder Commit #81 - 14 Mar 2026 Cmt +03 23:54:56
Base Builder Commit #82 - 14 Mar 2026 Cmt +03 23:54:57
Base Builder Commit #83 - 14 Mar 2026 Cmt +03 23:54:59
Base Builder Commit #84 - 14 Mar 2026 Cmt +03 23:55:00
Base Builder Commit #85 - 14 Mar 2026 Cmt +03 23:55:01
Base Builder Commit #86 - 14 Mar 2026 Cmt +03 23:55:02
Base Builder Commit #87 - 14 Mar 2026 Cmt +03 23:55:03
Base Builder Commit #88 - 14 Mar 2026 Cmt +03 23:55:05
Base Builder Commit #89 - 14 Mar 2026 Cmt +03 23:55:06
Base Builder Commit #90 - 14 Mar 2026 Cmt +03 23:55:07
Base Builder Commit #91 - 14 Mar 2026 Cmt +03 23:55:08
Base Builder Commit #92 - 14 Mar 2026 Cmt +03 23:55:09
Base Builder Commit #93 - 14 Mar 2026 Cmt +03 23:55:11
Base Builder Commit #94 - 14 Mar 2026 Cmt +03 23:55:12
Base Builder Commit #95 - 14 Mar 2026 Cmt +03 23:55:13
Base Builder Commit #96 - 14 Mar 2026 Cmt +03 23:55:14
Base Builder Commit #97 - 14 Mar 2026 Cmt +03 23:55:15
Base Builder Commit #98 - 14 Mar 2026 Cmt +03 23:55:17
Base Builder Commit #99 - 14 Mar 2026 Cmt +03 23:55:18
Base Builder Commit #100 - 14 Mar 2026 Cmt +03 23:55:19
Base Builder Commit #101 - 24 Mar 2026 Sal +03 11:02:27
Base Builder Commit #102 - 24 Mar 2026 Sal +03 11:02:30
Base Builder Commit #103 - 24 Mar 2026 Sal +03 11:02:34
Base Builder Commit #104 - 24 Mar 2026 Sal +03 11:02:37
Base Builder Commit #105 - 24 Mar 2026 Sal +03 11:02:40
Base Builder Commit #106 - 24 Mar 2026 Sal +03 11:02:44
Base Builder Commit #107 - 24 Mar 2026 Sal +03 11:02:47
Base Builder Commit #108 - 24 Mar 2026 Sal +03 11:02:50
Base Builder Commit #109 - 24 Mar 2026 Sal +03 11:02:53
Base Builder Commit #110 - 24 Mar 2026 Sal +03 11:02:57
Base Builder Commit #111 - 24 Mar 2026 Sal +03 11:03:00
Base Builder Commit #112 - 24 Mar 2026 Sal +03 11:03:04
Base Builder Commit #113 - 24 Mar 2026 Sal +03 11:03:08
Base Builder Commit #114 - 24 Mar 2026 Sal +03 11:03:11
Base Builder Commit #115 - 24 Mar 2026 Sal +03 11:03:14
Base Builder Commit #116 - 24 Mar 2026 Sal +03 11:03:18
Base Builder Commit #117 - 24 Mar 2026 Sal +03 11:03:21
Base Builder Commit #118 - 24 Mar 2026 Sal +03 11:03:24
Base Builder Commit #119 - 24 Mar 2026 Sal +03 11:03:28
Base Builder Commit #120 - 24 Mar 2026 Sal +03 11:03:31
Base Builder Commit #121 - 24 Mar 2026 Sal +03 11:03:34
Base Builder Commit #122 - 24 Mar 2026 Sal +03 11:03:38
Base Builder Commit #123 - 24 Mar 2026 Sal +03 11:03:41
Base Builder Commit #124 - 24 Mar 2026 Sal +03 11:03:44
Base Builder Commit #125 - 24 Mar 2026 Sal +03 11:03:47
Base Builder Commit #126 - 24 Mar 2026 Sal +03 11:03:51
Base Builder Commit #127 - 24 Mar 2026 Sal +03 11:03:54
Base Builder Commit #128 - 24 Mar 2026 Sal +03 11:04:08
Base Builder Commit #129 - 24 Mar 2026 Sal +03 11:04:12
Base Builder Commit #130 - 24 Mar 2026 Sal +03 11:04:15
Base Builder Commit #131 - 24 Mar 2026 Sal +03 11:04:18
Base Builder Commit #132 - 24 Mar 2026 Sal +03 11:04:22
Base Builder Commit #133 - 24 Mar 2026 Sal +03 11:04:25
Base Builder Commit #134 - 24 Mar 2026 Sal +03 11:04:28
Base Builder Commit #135 - 24 Mar 2026 Sal +03 11:04:31
Base Builder Commit #136 - 24 Mar 2026 Sal +03 11:04:35
Base Builder Commit #137 - 24 Mar 2026 Sal +03 11:04:38
Base Builder Commit #138 - 24 Mar 2026 Sal +03 11:04:41
Base Builder Commit #139 - 24 Mar 2026 Sal +03 11:04:45
Base Builder Commit #140 - 24 Mar 2026 Sal +03 11:04:48
Base Builder Commit #141 - 24 Mar 2026 Sal +03 11:04:51
Base Builder Commit #142 - 24 Mar 2026 Sal +03 11:04:54
Base Builder Commit #143 - 24 Mar 2026 Sal +03 11:04:58
Base Builder Commit #144 - 24 Mar 2026 Sal +03 11:05:01
Base Builder Commit #145 - 24 Mar 2026 Sal +03 11:05:04
Base Builder Commit #146 - 24 Mar 2026 Sal +03 11:05:08
Base Builder Commit #147 - 24 Mar 2026 Sal +03 11:05:11
Base Builder Commit #148 - 24 Mar 2026 Sal +03 11:05:14
Base Builder Commit #149 - 24 Mar 2026 Sal +03 11:05:17
Base Builder Commit #150 - 24 Mar 2026 Sal +03 11:05:21
Base Builder Commit #151 - 24 Mar 2026 Sal +03 11:05:24
Base Builder Commit #152 - 24 Mar 2026 Sal +03 11:05:27
Base Builder Commit #153 - 24 Mar 2026 Sal +03 11:05:31
Base Builder Commit #154 - 24 Mar 2026 Sal +03 11:05:34
Base Builder Commit #155 - 24 Mar 2026 Sal +03 11:05:37
Base Builder Commit #156 - 24 Mar 2026 Sal +03 11:05:40
Base Builder Commit #157 - 24 Mar 2026 Sal +03 11:05:44
Base Builder Commit #158 - 24 Mar 2026 Sal +03 11:05:47
Base Builder Commit #159 - 24 Mar 2026 Sal +03 11:05:50
Base Builder Commit #160 - 24 Mar 2026 Sal +03 11:05:53
Base Builder Commit #161 - 24 Mar 2026 Sal +03 11:05:57
Base Builder Commit #162 - 24 Mar 2026 Sal +03 11:06:00
Base Builder Commit #163 - 24 Mar 2026 Sal +03 11:06:03
Base Builder Commit #164 - 24 Mar 2026 Sal +03 11:06:07
Base Builder Commit #165 - 24 Mar 2026 Sal +03 11:06:10
Base Builder Commit #166 - 24 Mar 2026 Sal +03 11:06:13
Base Builder Commit #167 - 24 Mar 2026 Sal +03 11:06:16
Base Builder Commit #168 - 24 Mar 2026 Sal +03 11:06:20
Base Builder Commit #169 - 24 Mar 2026 Sal +03 11:06:23
Base Builder Commit #170 - 24 Mar 2026 Sal +03 11:06:26
Base Builder Commit #171 - 24 Mar 2026 Sal +03 11:06:30
Base Builder Commit #172 - 24 Mar 2026 Sal +03 11:06:33
Base Builder Commit #173 - 24 Mar 2026 Sal +03 11:06:36
Base Builder Commit #174 - 24 Mar 2026 Sal +03 11:06:40
Base Builder Commit #175 - 24 Mar 2026 Sal +03 11:06:43
Base Builder Commit #176 - 24 Mar 2026 Sal +03 11:06:46
Base Builder Commit #177 - 24 Mar 2026 Sal +03 11:06:50
Base Builder Commit #178 - 24 Mar 2026 Sal +03 11:06:53
Base Builder Commit #179 - 24 Mar 2026 Sal +03 11:06:56
Base Builder Commit #180 - 24 Mar 2026 Sal +03 11:06:59
Base Builder Commit #181 - 24 Mar 2026 Sal +03 11:07:03
Base Builder Commit #182 - 24 Mar 2026 Sal +03 11:07:06
Base Builder Commit #183 - 24 Mar 2026 Sal +03 11:07:09
Base Builder Commit #184 - 24 Mar 2026 Sal +03 11:07:13
Base Builder Commit #185 - 24 Mar 2026 Sal +03 11:07:16
Base Builder Commit #186 - 24 Mar 2026 Sal +03 11:07:19
Base Builder Commit #187 - 24 Mar 2026 Sal +03 11:07:23
Base Builder Commit #188 - 24 Mar 2026 Sal +03 11:07:26
Base Builder Commit #189 - 24 Mar 2026 Sal +03 11:07:29
Base Builder Commit #190 - 24 Mar 2026 Sal +03 11:07:33
Base Builder Commit #191 - 24 Mar 2026 Sal +03 11:07:36
Base Builder Commit #192 - 24 Mar 2026 Sal +03 11:07:39
Base Builder Commit #193 - 24 Mar 2026 Sal +03 11:07:42
Base Builder Commit #194 - 24 Mar 2026 Sal +03 11:07:46
Base Builder Commit #195 - 24 Mar 2026 Sal +03 11:07:49
Base Builder Commit #196 - 24 Mar 2026 Sal +03 11:07:52
Base Builder Commit #197 - 24 Mar 2026 Sal +03 11:07:56
Base Builder Commit #198 - 24 Mar 2026 Sal +03 11:07:59
Base Builder Commit #199 - 24 Mar 2026 Sal +03 11:08:02
Base Builder Commit #200 - 24 Mar 2026 Sal +03 11:08:06
test
final-check
Verified Base Builder Commit #1 - 24 Mar 2026 Sal +03 11:34:42
Verified Base Builder Commit #2 - 24 Mar 2026 Sal +03 11:34:44
Verified Base Builder Commit #3 - 24 Mar 2026 Sal +03 11:34:46
Verified Base Builder Commit #4 - 24 Mar 2026 Sal +03 11:34:49
Verified Base Builder Commit #5 - 24 Mar 2026 Sal +03 11:34:51
Verified Base Builder Commit #6 - 24 Mar 2026 Sal +03 11:34:53
Verified Base Builder Commit #7 - 24 Mar 2026 Sal +03 11:34:55
Verified Base Builder Commit #8 - 24 Mar 2026 Sal +03 11:34:57
Verified Base Builder Commit #9 - 24 Mar 2026 Sal +03 11:35:00
Verified Base Builder Commit #10 - 24 Mar 2026 Sal +03 11:35:02
Verified Base Builder Commit #11 - 24 Mar 2026 Sal +03 11:35:04
Verified Base Builder Commit #12 - 24 Mar 2026 Sal +03 11:35:07
Verified Base Builder Commit #13 - 24 Mar 2026 Sal +03 11:35:09
Verified Base Builder Commit #14 - 24 Mar 2026 Sal +03 11:35:11
Verified Base Builder Commit #15 - 24 Mar 2026 Sal +03 11:35:13
Verified Base Builder Commit #16 - 24 Mar 2026 Sal +03 11:35:16
Verified Base Builder Commit #17 - 24 Mar 2026 Sal +03 11:35:18
Verified Base Builder Commit #18 - 24 Mar 2026 Sal +03 11:35:20
Verified Base Builder Commit #19 - 24 Mar 2026 Sal +03 11:35:22
Verified Base Builder Commit #20 - 24 Mar 2026 Sal +03 11:35:25
Verified Base Builder Commit #21 - 24 Mar 2026 Sal +03 11:35:27
Verified Base Builder Commit #22 - 24 Mar 2026 Sal +03 11:35:29
Verified Base Builder Commit #23 - 24 Mar 2026 Sal +03 11:35:31
Verified Base Builder Commit #24 - 24 Mar 2026 Sal +03 11:35:34
Verified Base Builder Commit #25 - 24 Mar 2026 Sal +03 11:35:36
Verified Base Builder Commit #26 - 24 Mar 2026 Sal +03 11:35:38
Verified Base Builder Commit #27 - 24 Mar 2026 Sal +03 11:35:40
Verified Base Builder Commit #28 - 24 Mar 2026 Sal +03 11:35:43
Verified Base Builder Commit #29 - 24 Mar 2026 Sal +03 11:35:45
Verified Base Builder Commit #30 - 24 Mar 2026 Sal +03 11:35:47
Verified Base Builder Commit #31 - 24 Mar 2026 Sal +03 11:35:49
Verified Base Builder Commit #32 - 24 Mar 2026 Sal +03 11:35:52
Verified Base Builder Commit #33 - 24 Mar 2026 Sal +03 11:35:54
Verified Base Builder Commit #34 - 24 Mar 2026 Sal +03 11:35:56
Verified Base Builder Commit #35 - 24 Mar 2026 Sal +03 11:35:58
Verified Base Builder Commit #36 - 24 Mar 2026 Sal +03 11:36:01
Verified Base Builder Commit #37 - 24 Mar 2026 Sal +03 11:36:03
Verified Base Builder Commit #38 - 24 Mar 2026 Sal +03 11:36:05
Verified Base Builder Commit #39 - 24 Mar 2026 Sal +03 11:36:07
Verified Base Builder Commit #40 - 24 Mar 2026 Sal +03 11:36:10
Verified Base Builder Commit #41 - 24 Mar 2026 Sal +03 11:36:12
Verified Base Builder Commit #42 - 24 Mar 2026 Sal +03 11:36:14
Verified Base Builder Commit #43 - 24 Mar 2026 Sal +03 11:36:16
Verified Base Builder Commit #44 - 24 Mar 2026 Sal +03 11:36:19
Verified Base Builder Commit #45 - 24 Mar 2026 Sal +03 11:36:21
Verified Base Builder Commit #46 - 24 Mar 2026 Sal +03 11:36:23
Verified Base Builder Commit #47 - 24 Mar 2026 Sal +03 11:36:25
Verified Base Builder Commit #48 - 24 Mar 2026 Sal +03 11:36:28
Verified Base Builder Commit #49 - 24 Mar 2026 Sal +03 11:36:30
Verified Base Builder Commit #50 - 24 Mar 2026 Sal +03 11:36:32
Verified Base Builder Commit #51 - 24 Mar 2026 Sal +03 11:36:35
Verified Base Builder Commit #52 - 24 Mar 2026 Sal +03 11:36:37
Verified Base Builder Commit #53 - 24 Mar 2026 Sal +03 11:36:39
Verified Base Builder Commit #54 - 24 Mar 2026 Sal +03 11:36:41
Verified Base Builder Commit #55 - 24 Mar 2026 Sal +03 11:36:44
Verified Base Builder Commit #56 - 24 Mar 2026 Sal +03 11:36:46
Verified Base Builder Commit #57 - 24 Mar 2026 Sal +03 11:36:48
Verified Base Builder Commit #58 - 24 Mar 2026 Sal +03 11:36:51
Verified Base Builder Commit #59 - 24 Mar 2026 Sal +03 11:36:53
Verified Base Builder Commit #60 - 24 Mar 2026 Sal +03 11:36:55
Verified Base Builder Commit #61 - 24 Mar 2026 Sal +03 11:36:57
Verified Base Builder Commit #62 - 24 Mar 2026 Sal +03 11:37:00
Verified Base Builder Commit #63 - 24 Mar 2026 Sal +03 11:37:02
Verified Base Builder Commit #64 - 24 Mar 2026 Sal +03 11:37:04
Verified Base Builder Commit #65 - 24 Mar 2026 Sal +03 11:37:06
Verified Base Builder Commit #66 - 24 Mar 2026 Sal +03 11:37:08
Verified Base Builder Commit #67 - 24 Mar 2026 Sal +03 11:37:11
Verified Base Builder Commit #68 - 24 Mar 2026 Sal +03 11:37:13
Verified Base Builder Commit #69 - 24 Mar 2026 Sal +03 11:37:15
Verified Base Builder Commit #70 - 24 Mar 2026 Sal +03 11:37:17
Verified Base Builder Commit #71 - 24 Mar 2026 Sal +03 11:37:20
Verified Base Builder Commit #72 - 24 Mar 2026 Sal +03 11:37:22
Verified Base Builder Commit #73 - 24 Mar 2026 Sal +03 11:37:24
Verified Base Builder Commit #74 - 24 Mar 2026 Sal +03 11:37:26
